Replace Part B1 Buzzer_ in D:\Projeler 2012\AT Guard Simple\Hardware\AT Guard Simple Main.SchDoc with Buzzer_ from Erdem_05112012.IntLib
Replace Part C1 Cap in D:\Projeler 2012\AT Guard Simple\Hardware\AT Guard Simple Main.SchDoc with Cap from Erdem_05112012.IntLib
Replace Part C2 Cap in D:\Projeler 2012\AT Guard Simple\Hardware\AT Guard Simple Main.SchDoc with Cap from Erdem_05112012.IntLib
Replace Part C12 Cap in D:\Projeler 2012\AT Guard Simple\Hardware\AT Guard Simple Main.SchDoc with Cap from Erdem_05112012.IntLib
Replace Part C13 Cap in D:\Projeler 2012\AT Guard Simple\Hardware\AT Guard Simple Main.SchDoc with Cap from Erdem_05112012.IntLib
Replace Part C14 Cap in D:\Projeler 2012\AT Guard Simple\Hardware\AT Guard Simple Main.SchDoc with Cap from Erdem_05112012.IntLib
Replace Part C15 Cap in D:\Projeler 2012\AT Guard Simple\Hardware\AT Guard Simple Main.SchDoc with Cap from Erdem_05112012.IntLib
Replace Part C16 Cap in D:\Projeler 2012\AT Guard Simple\Hardware\AT Guard Simple Main.SchDoc with Cap from Erdem_05112012.IntLib
Replace Part C17 Cap in D:\Projeler 2012\AT Guard Simple\Hardware\AT Guard Simple Main.SchDoc with Cap from Erdem_05112012.IntLib
Replace Part D2 LED in D:\Projeler 2012\AT Guard Simple\Hardware\AT Guard Simple Main.SchDoc with LED from Erdem_05112012.IntLib
Replace Part P1 Header 5 pin in D:\Projeler 2012\AT Guard Simple\Hardware\AT Guard Simple Main.SchDoc with Header 5 pin from Erdem_05112012.IntLib
Replace Part P2 USB Mini B in D:\Projeler 2012\AT Guard Simple\Hardware\AT Guard Simple Main.SchDoc with USB Mini B from Erdem_05112012.IntLib
Replace Part P5 Header 10 in D:\Projeler 2012\AT Guard Simple\Hardware\AT Guard Simple Main.SchDoc with Header 10 from Erdem_05112012.IntLib
Replace Part P6 Header 10 in D:\Projeler 2012\AT Guard Simple\Hardware\AT Guard Simple Main.SchDoc with Header 10 from Erdem_05112012.IntLib
Replace Part Q3 BC817-40 in D:\Projeler 2012\AT Guard Simple\Hardware\AT Guard Simple Main.SchDoc with BC817-40 from Erdem_05112012.IntLib
Replace Part R4 Res1 in D:\Projeler 2012\AT Guard Simple\Hardware\AT Guard Simple Main.SchDoc with Res1 from Erdem_05112012.IntLib
Replace Part R12 Res1 in D:\Projeler 2012\AT Guard Simple\Hardware\AT Guard Simple Main.SchDoc with Res1 from Erdem_05112012.IntLib
Replace Part R13 Res1 in D:\Projeler 2012\AT Guard Simple\Hardware\AT Guard Simple Main.SchDoc with Res1 from Erdem_05112012.IntLib
Replace Part R14 Res1 in D:\Projeler 2012\AT Guard Simple\Hardware\AT Guard Simple Main.SchDoc with Res1 from Erdem_05112012.IntLib
Replace Part R15 Res1 in D:\Projeler 2012\AT Guard Simple\Hardware\AT Guard Simple Main.SchDoc with Res1 from Erdem_05112012.IntLib
Replace Part R17 Res1 in D:\Projeler 2012\AT Guard Simple\Hardware\AT Guard Simple Main.SchDoc with Res1 from Erdem_05112012.IntLib
Replace Part R18 Res1 in D:\Projeler 2012\AT Guard Simple\Hardware\AT Guard Simple Main.SchDoc with Res1 from Erdem_05112012.IntLib
Replace Part R19 Res1 in D:\Projeler 2012\AT Guard Simple\Hardware\AT Guard Simple Main.SchDoc with Res1 from Erdem_05112012.IntLib
Replace Part R20 Res1 in D:\Projeler 2012\AT Guard Simple\Hardware\AT Guard Simple Main.SchDoc with Res1 from Erdem_05112012.IntLib
Replace Part U3 PIC18LF14K50-I/SS in D:\Projeler 2012\AT Guard Simple\Hardware\AT Guard Simple Main.SchDoc with PIC18LF14K50-I/SS from Erdem_05112012.IntLib
Replace Part U9 PRTR5V0U2X in D:\Projeler 2012\AT Guard Simple\Hardware\AT Guard Simple Main.SchDoc with PRTR5V0U2X from Erdem_05112012.IntLib
Replace Part Y1 Crystal Oscillator in D:\Projeler 2012\AT Guard Simple\Hardware\AT Guard Simple Main.SchDoc with Crystal Oscillator from Erdem_05112012.IntLib
Replace Part Y2 XTAL_SMT in D:\Projeler 2012\AT Guard Simple\Hardware\AT Guard Simple Main.SchDoc with XTAL_SMT from Erdem_05112012.IntLib
