Change Component Footprint: Designator=C1 Old Footprint=3-0603_N New Footprint=3-0603_L
Change Component Footprint: Designator=C2 Old Footprint=3-0603_N New Footprint=3-0603_L
Change Component Footprint: Designator=C12 Old Footprint=3-0603_N New Footprint=3-0603_L
Change Component Footprint: Designator=C13 Old Footprint=3-0603_N New Footprint=3-0603_L
Change Component Footprint: Designator=C14 Old Footprint=3-0603_N New Footprint=3-0603_L
Change Component Footprint: Designator=C15 Old Footprint=3-0603_N New Footprint=3-0603_L
Change Component Footprint: Designator=C16 Old Footprint=3-0603_N New Footprint=3-0603_L
Change Component Footprint: Designator=C17 Old Footprint=3-0603_N New Footprint=3-0603_L
Change Component Footprint: Designator=C18 Old Footprint=3-0603_N New Footprint=3-0603_L
Change Component Footprint: Designator=C19 Old Footprint=3-0603_N New Footprint=3-0603_L
Change Component Footprint: Designator=C20 Old Footprint=3-0603_N New Footprint=3-0603_L
Change Component Footprint: Designator=C21 Old Footprint=3-0603_N New Footprint=3-0603_L
Change Component Footprint: Designator=C23 Old Footprint=3-0603_N New Footprint=3-0603_L
Change Component Footprint: Designator=C24 Old Footprint=3-0603_N New Footprint=3-0603_L
Change Component Footprint: Designator=C25 Old Footprint=3-0603_N New Footprint=3-0603_L
Change Component Footprint: Designator=R4 Old Footprint=3-0603_N New Footprint=3-0603_L
Change Component Footprint: Designator=R12 Old Footprint=3-0603_N New Footprint=3-0603_L
Change Component Footprint: Designator=R13 Old Footprint=3-0603_N New Footprint=3-0603_L
Change Component Footprint: Designator=R14 Old Footprint=3-0603_N New Footprint=3-0603_L
Change Component Footprint: Designator=R15 Old Footprint=3-0603_N New Footprint=3-0603_L
Change Component Footprint: Designator=R17 Old Footprint=3-0603_N New Footprint=3-0603_L
Change Component Footprint: Designator=R18 Old Footprint=3-0603_N New Footprint=3-0603_L
Change Component Footprint: Designator=R19 Old Footprint=3-0603_N New Footprint=3-0603_L
Change Component Footprint: Designator=R20 Old Footprint=3-0603_N New Footprint=3-0603_L
Change Component Footprint: Designator=R22 Old Footprint=3-0603_N New Footprint=3-0603_L
Change Component Footprint: Designator=R23 Old Footprint=3-0603_N New Footprint=3-0603_L
Change Component Footprint: Designator=R24 Old Footprint=3-0603_N New Footprint=3-0603_L
Change Component Footprint: Designator=D2 Old Footprint=6-0805 - LED New Footprint=LED
Change Component Footprint: Designator=C3 Old Footprint=6-0805_M New Footprint=6-0805_N
Change Component Footprint: Designator=C4 Old Footprint=6-0805_M New Footprint=6-0805_N
Change Component Footprint: Designator=C5 Old Footprint=6-0805_M New Footprint=6-0805_N
Change Component Footprint: Designator=C6 Old Footprint=6-0805_M New Footprint=6-0805_N
Change Component Footprint: Designator=C7 Old Footprint=6-0805_M New Footprint=6-0805_N
Change Component Footprint: Designator=C8 Old Footprint=6-0805_M New Footprint=6-0805_N
Change Component Footprint: Designator=C9 Old Footprint=6-0805_M New Footprint=6-0805_N
Change Component Footprint: Designator=C10 Old Footprint=6-0805_M New Footprint=6-0805_N
Change Component Footprint: Designator=C11 Old Footprint=6-0805_M New Footprint=6-0805_N
Change Component Footprint: Designator=R1 Old Footprint=6-0805_M New Footprint=6-0805_N
Change Component Footprint: Designator=R2 Old Footprint=6-0805_M New Footprint=6-0805_N
Change Component Footprint: Designator=R3 Old Footprint=6-0805_M New Footprint=6-0805_N
Change Component Footprint: Designator=R5 Old Footprint=6-0805_M New Footprint=6-0805_N
Change Component Footprint: Designator=R6 Old Footprint=6-0805_M New Footprint=6-0805_N
Change Component Footprint: Designator=R7 Old Footprint=6-0805_M New Footprint=6-0805_N
Change Component Footprint: Designator=R8 Old Footprint=6-0805_M New Footprint=6-0805_N
Change Component Footprint: Designator=R9 Old Footprint=6-0805_M New Footprint=6-0805_N
Change Component Footprint: Designator=R10 Old Footprint=6-0805_M New Footprint=6-0805_N
Change Component Footprint: Designator=R11 Old Footprint=6-0805_M New Footprint=6-0805_N
Change Component Footprint: Designator=R16 Old Footprint=6-0805_M New Footprint=6-0805_N
Change Component Footprint: Designator=R21 Old Footprint=6-0805_M New Footprint=6-0805_N
Change Component Footprint: Designator=B1 Old Footprint=Buzzer 9x5.5 mm New Footprint=Buzzer_
Change Component Footprint: Designator=C22 Old Footprint=C New Footprint=3528
Change Component Footprint: Designator=P3 Old Footprint=HDR1X2H-180 derece New Footprint=HDR1X2H-90 derece
Change Component Footprint: Designator=P4 Old Footprint=HDR1X2H-180 derece New Footprint=HDR1X2H-90 derece
Change Component Footprint: Designator=P1 Old Footprint=Header 1.27mm 5P New Footprint=Header 2mm 5Pin
Change Component Footprint: Designator=P5 Old Footprint=Header 1.27mm 10P New Footprint=HDR1X10
Change Component Footprint: Designator=P6 Old Footprint=Header 1.27mm 10P New Footprint=HDR1X10
Change Component Footprint: Designator=P2 Old Footprint=USB Mini B Female_N New Footprint=USB Mini B Female - Connfly DS1104
Change Component Comment : Designator=P4 Old Comment=ANTENNA 900uH New Comment=Header 2H
