Replace Part C3 Cap in D:\Projeler 2012\AT Guard Simple\Hardware\RF_125KHz.SchDoc with Cap from Erdem_05112012.IntLib
Replace Part C4 Cap in D:\Projeler 2012\AT Guard Simple\Hardware\RF_125KHz.SchDoc with Cap from Erdem_05112012.IntLib
Replace Part C5 Cap in D:\Projeler 2012\AT Guard Simple\Hardware\RF_125KHz.SchDoc with Cap from Erdem_05112012.IntLib
Replace Part C6 Cap in D:\Projeler 2012\AT Guard Simple\Hardware\RF_125KHz.SchDoc with Cap from Erdem_05112012.IntLib
Replace Part C7 Cap in D:\Projeler 2012\AT Guard Simple\Hardware\RF_125KHz.SchDoc with Cap from Erdem_05112012.IntLib
Replace Part C8 Cap in D:\Projeler 2012\AT Guard Simple\Hardware\RF_125KHz.SchDoc with Cap from Erdem_05112012.IntLib
Replace Part C9 Cap in D:\Projeler 2012\AT Guard Simple\Hardware\RF_125KHz.SchDoc with Cap from Erdem_05112012.IntLib
Replace Part C10 Cap in D:\Projeler 2012\AT Guard Simple\Hardware\RF_125KHz.SchDoc with Cap from Erdem_05112012.IntLib
Replace Part C11 Cap in D:\Projeler 2012\AT Guard Simple\Hardware\RF_125KHz.SchDoc with Cap from Erdem_05112012.IntLib
Replace Part D1 LL4148 in D:\Projeler 2012\AT Guard Simple\Hardware\RF_125KHz.SchDoc with LL4148 from Erdem_05112012.IntLib
Replace Part P4 Header 2H in D:\Projeler 2012\AT Guard Simple\Hardware\RF_125KHz.SchDoc with Header 2H from Erdem_05112012.IntLib
Replace Part Q1 BSS84 in D:\Projeler 2012\AT Guard Simple\Hardware\RF_125KHz.SchDoc with BSS84 from Philips Discrete MOSFET - Low Power.IntLib
Replace Part Q2 2N7002 in D:\Projeler 2012\AT Guard Simple\Hardware\RF_125KHz.SchDoc with 2N7002 from Philips Discrete MOSFET - Low Power.IntLib
Replace Part R1 Res1 in D:\Projeler 2012\AT Guard Simple\Hardware\RF_125KHz.SchDoc with Res1 from Erdem_05112012.IntLib
Replace Part R2 Res1 in D:\Projeler 2012\AT Guard Simple\Hardware\RF_125KHz.SchDoc with Res1 from Erdem_05112012.IntLib
Replace Part R3 Res1 in D:\Projeler 2012\AT Guard Simple\Hardware\RF_125KHz.SchDoc with Res1 from Erdem_05112012.IntLib
Replace Part R5 Res1 in D:\Projeler 2012\AT Guard Simple\Hardware\RF_125KHz.SchDoc with Res1 from Erdem_05112012.IntLib
Replace Part R6 Res1 in D:\Projeler 2012\AT Guard Simple\Hardware\RF_125KHz.SchDoc with Res1 from Erdem_05112012.IntLib
Replace Part R7 Res1 in D:\Projeler 2012\AT Guard Simple\Hardware\RF_125KHz.SchDoc with Res1 from Erdem_05112012.IntLib
Replace Part R8 Res1 in D:\Projeler 2012\AT Guard Simple\Hardware\RF_125KHz.SchDoc with Res1 from Erdem_05112012.IntLib
Replace Part R9 Res1 in D:\Projeler 2012\AT Guard Simple\Hardware\RF_125KHz.SchDoc with Res1 from Erdem_05112012.IntLib
Replace Part R10 Res1 in D:\Projeler 2012\AT Guard Simple\Hardware\RF_125KHz.SchDoc with Res1 from Erdem_05112012.IntLib
Replace Part R11 Res1 in D:\Projeler 2012\AT Guard Simple\Hardware\RF_125KHz.SchDoc with Res1 from Erdem_05112012.IntLib
Replace Part R16 Res1 in D:\Projeler 2012\AT Guard Simple\Hardware\RF_125KHz.SchDoc with Res1 from Erdem_05112012.IntLib
Replace Part R21 Res1 in D:\Projeler 2012\AT Guard Simple\Hardware\RF_125KHz.SchDoc with Res1 from Erdem_05112012.IntLib
Replace Part U1 LMV324IPWR in D:\Projeler 2012\AT Guard Simple\Hardware\RF_125KHz.SchDoc with LMV324IPWR from Erdem_05112012.IntLib
